{"name":"Create a new task","status":"broken","statusDetails":{"known":false,"muted":false,"flaky":false,"message":"Index: 3, Size: 1","trace":"java.lang.IndexOutOfBoundsException: Index: 3, Size: 1\r\n\tat java.util.ArrayList.rangeCheck(ArrayList.java:657)\r\n\tat java.util.ArrayList.get(ArrayList.java:433)\r\n\tat workFlow.mobileFlow.createTask(mobileFlow.java:20)\r\n\tat SanityTest.toDoList.test01_createTask(toDoList.java:18)\r\n\tat sun.reflect.NativeMethodAccessorImpl.invoke0(Native Method)\r\n\tat sun.reflect.NativeMethodAccessorImpl.invoke(NativeMethodAccessorImpl.java:62)\r\n\tat sun.reflect.DelegatingMethodAccessorImpl.invoke(DelegatingMethodAccessorImpl.java:43)\r\n\tat java.lang.reflect.Method.invoke(Method.java:498)\r\n\tat org.testng.internal.MethodInvocationHelper.invokeMethod(MethodInvocationHelper.java:124)\r\n\tat org.testng.internal.Invoker.invokeMethod(Invoker.java:583)\r\n\tat org.testng.internal.Invoker.invokeTestMethod(Invoker.java:719)\r\n\tat org.testng.internal.Invoker.invokeTestMethods(Invoker.java:989)\r\n\tat org.testng.internal.TestMethodWorker.invokeTestMethods(TestMethodWorker.java:125)\r\n\tat org.testng.internal.TestMethodWorker.run(TestMethodWorker.java:109)\r\n\tat org.testng.TestRunner.privateRun(TestRunner.java:648)\r\n\tat org.testng.TestRunner.run(TestRunner.java:505)\r\n\tat org.testng.SuiteRunner.runTest(SuiteRunner.java:455)\r\n\tat org.testng.SuiteRunner.runSequentially(SuiteRunner.java:450)\r\n\tat org.testng.SuiteRunner.privateRun(SuiteRunner.java:415)\r\n\tat org.testng.SuiteRunner.run(SuiteRunner.java:364)\r\n\tat org.testng.SuiteRunnerWorker.runSuite(SuiteRunnerWorker.java:52)\r\n\tat org.testng.SuiteRunnerWorker.run(SuiteRunnerWorker.java:84)\r\n\tat org.testng.TestNG.runSuitesSequentially(TestNG.java:1208)\r\n\tat org.testng.TestNG.runSuitesLocally(TestNG.java:1137)\r\n\tat org.testng.TestNG.runSuites(TestNG.java:1049)\r\n\tat org.testng.TestNG.run(TestNG.java:1017)\r\n\tat com.intellij.rt.testng.IDEARemoteTestNG.run(IDEARemoteTestNG.java:66)\r\n\tat com.intellij.rt.testng.RemoteTestNGStarter.main(RemoteTestNGStarter.java:110)\r\n"},"stage":"finished","description":"Test Description - Create a new task","steps":[{"name":"Create task","status":"broken","statusDetails":{"known":false,"muted":false,"flaky":false,"message":"Index: 3, Size: 1","trace":"java.lang.IndexOutOfBoundsException: Index: 3, Size: 1\r\n\tat java.util.ArrayList.rangeCheck(ArrayList.java:657)\r\n\tat java.util.ArrayList.get(ArrayList.java:433)\r\n\tat workFlow.mobileFlow.createTask(mobileFlow.java:20)\r\n\tat SanityTest.toDoList.test01_createTask(toDoList.java:18)\r\n\tat sun.reflect.NativeMethodAccessorImpl.invoke0(Native Method)\r\n\tat sun.reflect.NativeMethodAccessorImpl.invoke(NativeMethodAccessorImpl.java:62)\r\n\tat sun.reflect.DelegatingMethodAccessorImpl.invoke(DelegatingMethodAccessorImpl.java:43)\r\n\tat java.lang.reflect.Method.invoke(Method.java:498)\r\n\tat org.testng.internal.MethodInvocationHelper.invokeMethod(MethodInvocationHelper.java:124)\r\n\tat org.testng.internal.Invoker.invokeMethod(Invoker.java:583)\r\n\tat org.testng.internal.Invoker.invokeTestMethod(Invoker.java:719)\r\n\tat org.testng.internal.Invoker.invokeTestMethods(Invoker.java:989)\r\n\tat org.testng.internal.TestMethodWorker.invokeTestMethods(TestMethodWorker.java:125)\r\n\tat org.testng.internal.TestMethodWorker.run(TestMethodWorker.java:109)\r\n\tat org.testng.TestRunner.privateRun(TestRunner.java:648)\r\n\tat org.testng.TestRunner.run(TestRunner.java:505)\r\n\tat org.testng.SuiteRunner.runTest(SuiteRunner.java:455)\r\n\tat org.testng.SuiteRunner.runSequentially(SuiteRunner.java:450)\r\n\tat org.testng.SuiteRunner.privateRun(SuiteRunner.java:415)\r\n\tat org.testng.SuiteRunner.run(SuiteRunner.java:364)\r\n\tat org.testng.SuiteRunnerWorker.runSuite(SuiteRunnerWorker.java:52)\r\n\tat org.testng.SuiteRunnerWorker.run(SuiteRunnerWorker.java:84)\r\n\tat org.testng.TestNG.runSuitesSequentially(TestNG.java:1208)\r\n\tat org.testng.TestNG.runSuitesLocally(TestNG.java:1137)\r\n\tat org.testng.TestNG.runSuites(TestNG.java:1049)\r\n\tat org.testng.TestNG.run(TestNG.java:1017)\r\n\tat com.intellij.rt.testng.IDEARemoteTestNG.run(IDEARemoteTestNG.java:66)\r\n\tat com.intellij.rt.testng.RemoteTestNGStarter.main(RemoteTestNGStarter.java:110)\r\n"},"stage":"finished","steps":[{"name":"Click on element","status":"passed","stage":"finished","steps":[],"attachments":[],"parameters":[{"name":"elm","value":"[[RemoteWebDriver:  on ANDROID (6aac95da-204b-4977-b9e1-c935ff8b3090)] -> id: ivFAB_AddTask]"}],"start":1579803204060,"stop":1579803204399},{"name":"Insert text into field","status":"passed","stage":"finished","steps":[],"attachments":[],"parameters":[{"name":"elm","value":"[[RemoteWebDriver:  on ANDROID (6aac95da-204b-4977-b9e1-c935ff8b3090)] -> id: edtTaskName]"},{"name":"value","value":"My first task"}],"start":1579803210432,"stop":1579803210802},{"name":"Click on element","status":"passed","stage":"finished","steps":[],"attachments":[],"parameters":[{"name":"elm","value":"[[RemoteWebDriver:  on ANDROID (6aac95da-204b-4977-b9e1-c935ff8b3090)] -> id: edtDueD]"}],"start":1579803217271,"stop":1579803217779}],"attachments":[],"parameters":[],"start":1579803203584,"stop":1579803255167}],"attachments":[{"name":"Page Screen-shot","source":"b00bc50d-6514-4e71-8263-765b639dd9f2-attachment","type":"image/png"}],"parameters":[],"start":1579803184859,"stop":1579803255647,"uuid":"1a754feb-0a1d-46df-83e3-8917878357b9","historyId":"50eade606ecba6f24233e98134465daf","fullName":"SanityTest.toDoList.test01_createTask","labels":[{"name":"package","value":"SanityTest.toDoList"},{"name":"testClass","value":"SanityTest.toDoList"},{"name":"testMethod","value":"test01_createTask"},{"name":"parentSuite","value":"Default Suite"},{"name":"suite","value":"FinalProject01"},{"name":"subSuite","value":"SanityTest.toDoList"},{"name":"host","value":"LAPTOP-NT98MR0T"},{"name":"thread","value":"19080@LAPTOP-NT98MR0T.main(1)"},{"name":"framework","value":"testng"},{"name":"language","value":"java"}],"links":[]}